Using pre-set license
Built from '2020.3/staging' branch; Version is '2020.3.11f1 (99c7afb366b3) revision 10078127'; Using compiler version '192528614'; Build Type 'Release'
OS: 'Windows 10 Home; OS build 22000.434; Version 2009; 64bit' Language: 'en' Physical Memory: 16191 MB
BatchMode: 1, IsHumanControllingUs: 0, StartBugReporterOnCrash: 0, Is64bit: 1, IsPro: 0

 COMMAND LINE ARGUMENTS:
C:\Program Files\Unity\Hub\Editor\2020.3.11f1\Editor\Unity.exe
-adb2
-batchMode
-noUpm
-name
AssetImportWorker0
-projectPath
D:/Unity Workspace/MonsterChasing
-logFile
Logs/AssetImportWorker0.log
-srvPort
51781
Successfully changed project path to: D:/Unity Workspace/MonsterChasing
D:/Unity Workspace/MonsterChasing
Using Asset Import Pipeline V2.
Refreshing native plugins compatible for Editor in 56.53 ms, found 3 plugins.
Preloading 0 native plugins for Editor in 0.00 ms.
Initialize engine version: 2020.3.11f1 (99c7afb366b3)
[Subsystems] Discovering subsystems at path C:/Program Files/Unity/Hub/Editor/2020.3.11f1/Editor/Data/Resources/UnitySubsystems
[Subsystems] Discovering subsystems at path D:/Unity Workspace/MonsterChasing/Assets
GfxDevice: creating device client; threaded=0
Direct3D:
    Version:  Direct3D 11.0 [level 11.1]
    Renderer: NVIDIA GeForce GTX 1660 Ti with Max-Q Design (ID=0x2191)
    Vendor:   
    VRAM:     5991 MB
    Driver:   30.0.14.9709
Initialize mono
Mono path[0] = 'C:/Program Files/Unity/Hub/Editor/2020.3.11f1/Editor/Data/Managed'
Mono path[1] = 'C:/Program Files/Unity/Hub/Editor/2020.3.11f1/Editor/Data/MonoBleedingEdge/lib/mono/unityjit'
Mono config path = 'C:/Program Files/Unity/Hub/Editor/2020.3.11f1/Editor/Data/MonoBleedingEdge/etc'
Using monoOptions --debugger-agent=transport=dt_socket,embedding=1,server=y,suspend=n,address=127.0.0.1:56528
Begin MonoManager ReloadAssembly
Registering precompiled unity dll's ...
Register platform support module: C:/Program Files/Unity/Hub/Editor/2020.3.11f1/Editor/Data/PlaybackEngines/WindowsStandaloneSupport/UnityEditor.WindowsStandalone.Extensions.dll
Registered in 0.002470 seconds.
Native extension for WindowsStandalone target not found
Refreshing native plugins compatible for Editor in 48.23 ms, found 3 plugins.
Preloading 0 native plugins for Editor in 0.00 ms.
Mono: successfully reloaded assembly
- Completed reload, in  1.309 seconds
Platform modules already initialized, skipping
Registering precompiled user dll's ...
Registered in 0.003131 seconds.
Begin MonoManager ReloadAssembly
Native extension for WindowsStandalone target not found
Refreshing native plugins compatible for Editor in 47.57 ms, found 3 plugins.
Preloading 0 native plugins for Editor in 0.00 ms.
Mono: successfully reloaded assembly
- Completed reload, in  1.299 seconds
Platform modules already initialized, skipping
========================================================================
Worker process is ready to serve import requests
Launched and connected shader compiler UnityShaderCompiler.exe after 0.05 seconds
Refreshing native plugins compatible for Editor in 0.54 ms, found 3 plugins.
Preloading 0 native plugins for Editor in 0.00 ms.
Unloading 2088 Unused Serialized files (Serialized files now loaded: 0)
System memory in use before: 93.1 MB.
System memory in use after: 93.1 MB.

Unloading 33 unused Assets to reduce memory usage. Loaded Objects now: 2523.
Total: 2.936900 ms (FindLiveObjects: 0.255000 ms CreateObjectMapping: 0.059600 ms MarkObjects: 2.292000 ms  DeleteObjects: 0.328400 ms)

========================================================================
Received Import Request.
  path: Assets/Prefabs/Player2.prefab
  artifactKey: Guid(546da5d422d9077409baf0cf29f54a89) Importer(815301076,1909f56bfc062723c751e8b465ee728b)
Start importing Assets/Prefabs/Player2.prefab using Guid(546da5d422d9077409baf0cf29f54a89) Importer(815301076,1909f56bfc062723c751e8b465ee728b)  -> (artifact id: '9faee9707aac50e3af016c4c7e0e4b3e') in 0.116366 seconds
  Import took 0.120777 seconds .

========================================================================
Received Import Request.
  Time since last request: 71.076392 seconds.
  path: Assets/Animations/PlayerAnimations/Player2Animations/Walk.anim
  artifactKey: Guid(a9fe29f57528ef24595ea6402a1803a9) Importer(815301076,1909f56bfc062723c751e8b465ee728b)
Start importing Assets/Animations/PlayerAnimations/Player2Animations/Walk.anim using Guid(a9fe29f57528ef24595ea6402a1803a9) Importer(815301076,1909f56bfc062723c751e8b465ee728b)  -> (artifact id: 'd570fdffe6d74696279efaec8c43cea7') in 0.015713 seconds
  Import took 0.020507 seconds .

========================================================================
Received Import Request.
  Time since last request: 189.377344 seconds.
  path: Assets/Scripts/Player.cs
  artifactKey: Guid(616f5fa4be877584887682ac6f3ca1fc) Importer(815301076,1909f56bfc062723c751e8b465ee728b)
Start importing Assets/Scripts/Player.cs using Guid(616f5fa4be877584887682ac6f3ca1fc) Importer(815301076,1909f56bfc062723c751e8b465ee728b)  -> (artifact id: '1ed6e610fa0853e2341a1b07440f1b5b') in 0.016781 seconds
  Import took 0.020851 seconds .

========================================================================
Received Import Request.
  Time since last request: 22.091622 seconds.
  path: Assets/Prefabs/Player 2.prefab
  artifactKey: Guid(0bc05dd0f6c6cd442a5ce2f7ba2ee91e) Importer(815301076,1909f56bfc062723c751e8b465ee728b)
Start importing Assets/Prefabs/Player 2.prefab using Guid(0bc05dd0f6c6cd442a5ce2f7ba2ee91e) Importer(815301076,1909f56bfc062723c751e8b465ee728b)  -> (artifact id: 'd2064a626434a7a086607a0d4031f1ba') in 0.020912 seconds
  Import took 0.025671 seconds .

========================================================================
Received Import Request.
  Time since last request: 0.014081 seconds.
  path: Assets/Prefabs/Player 2.prefab
  artifactKey: Guid(0bc05dd0f6c6cd442a5ce2f7ba2ee91e) Importer(815301076,1909f56bfc062723c751e8b465ee728b)
Start importing Assets/Prefabs/Player 2.prefab using Guid(0bc05dd0f6c6cd442a5ce2f7ba2ee91e) Importer(815301076,1909f56bfc062723c751e8b465ee728b)  -> (artifact id: 'd2064a626434a7a086607a0d4031f1ba') in 0.020360 seconds
  Import took 0.024562 seconds .

========================================================================
Received Import Request.
  Time since last request: 38.754874 seconds.
  path: Assets/Scenes/Gameplay.unity
  artifactKey: Guid(2cda990e2423bbf4892e6590ba056729) Importer(815301076,1909f56bfc062723c751e8b465ee728b)
Start importing Assets/Scenes/Gameplay.unity using Guid(2cda990e2423bbf4892e6590ba056729) Importer(815301076,1909f56bfc062723c751e8b465ee728b)  -> (artifact id: 'f72f154f886fb30adda595c7f3b28f20') in 0.007147 seconds
  Import took 0.011864 seconds .

========================================================================
Received Prepare
Registering precompiled user dll's ...
Registered in 0.002586 seconds.
Begin MonoManager ReloadAssembly
Native extension for WindowsStandalone target not found
Refreshing native plugins compatible for Editor in 0.53 ms, found 3 plugins.
Preloading 0 native plugins for Editor in 0.00 ms.
Mono: successfully reloaded assembly
- Completed reload, in  1.285 seconds
Platform modules already initialized, skipping
Refreshing native plugins compatible for Editor in 0.53 ms, found 3 plugins.
Preloading 0 native plugins for Editor in 0.00 ms.
Unloading 2083 Unused Serialized files (Serialized files now loaded: 0)
System memory in use before: 96.1 MB.
System memory in use after: 96.0 MB.

Unloading 21 unused Assets to reduce memory usage. Loaded Objects now: 2534.
Total: 2.900200 ms (FindLiveObjects: 0.253100 ms CreateObjectMapping: 0.059500 ms MarkObjects: 2.453100 ms  DeleteObjects: 0.132800 ms)

========================================================================
Received Prepare
Registering precompiled user dll's ...
Registered in 0.003027 seconds.
Begin MonoManager ReloadAssembly
Native extension for WindowsStandalone target not found
Refreshing native plugins compatible for Editor in 0.54 ms, found 3 plugins.
Preloading 0 native plugins for Editor in 0.00 ms.
Mono: successfully reloaded assembly
- Completed reload, in  1.221 seconds
Platform modules already initialized, skipping
Refreshing native plugins compatible for Editor in 0.53 ms, found 3 plugins.
Preloading 0 native plugins for Editor in 0.00 ms.
Unloading 2083 Unused Serialized files (Serialized files now loaded: 0)
System memory in use before: 96.1 MB.
System memory in use after: 96.1 MB.

Unloading 21 unused Assets to reduce memory usage. Loaded Objects now: 2538.
Total: 2.926300 ms (FindLiveObjects: 0.254800 ms CreateObjectMapping: 0.049600 ms MarkObjects: 2.484300 ms  DeleteObjects: 0.135800 ms)

========================================================================
Received Import Request.
  Time since last request: 90.683252 seconds.
  path: Assets/Prefabs/Player 2.prefab
  artifactKey: Guid(0bc05dd0f6c6cd442a5ce2f7ba2ee91e) Importer(815301076,1909f56bfc062723c751e8b465ee728b)
Start importing Assets/Prefabs/Player 2.prefab using Guid(0bc05dd0f6c6cd442a5ce2f7ba2ee91e) Importer(815301076,1909f56bfc062723c751e8b465ee728b)  -> (artifact id: '94bc8f56bf3b70e26d455c7c50988593') in 0.066218 seconds
  Import took 0.070215 seconds .

========================================================================
Received Import Request.
  Time since last request: 37.685916 seconds.
  path: Assets/Prefabs/Player 2.prefab
  artifactKey: Guid(0bc05dd0f6c6cd442a5ce2f7ba2ee91e) Importer(815301076,1909f56bfc062723c751e8b465ee728b)
Start importing Assets/Prefabs/Player 2.prefab using Guid(0bc05dd0f6c6cd442a5ce2f7ba2ee91e) Importer(815301076,1909f56bfc062723c751e8b465ee728b)  -> (artifact id: '794505fa06e496638d81ba055a730bb4') in 0.021108 seconds
  Import took 0.025712 seconds .

========================================================================
Received Prepare
Registering precompiled user dll's ...
Registered in 0.003514 seconds.
Begin MonoManager ReloadAssembly
Native extension for WindowsStandalone target not found
Refreshing native plugins compatible for Editor in 0.53 ms, found 3 plugins.
Preloading 0 native plugins for Editor in 0.00 ms.
Mono: successfully reloaded assembly
- Completed reload, in  1.204 seconds
Platform modules already initialized, skipping
Refreshing native plugins compatible for Editor in 0.53 ms, found 3 plugins.
Preloading 0 native plugins for Editor in 0.00 ms.
Unloading 2083 Unused Serialized files (Serialized files now loaded: 0)
System memory in use before: 96.1 MB.
System memory in use after: 96.1 MB.

Unloading 21 unused Assets to reduce memory usage. Loaded Objects now: 2543.
Total: 3.022600 ms (FindLiveObjects: 0.238900 ms CreateObjectMapping: 0.049600 ms MarkObjects: 2.594800 ms  DeleteObjects: 0.137700 ms)

========================================================================
Received Import Request.
  Time since last request: 39.914543 seconds.
  path: Assets/Prefabs/Player 2.prefab
  artifactKey: Guid(0bc05dd0f6c6cd442a5ce2f7ba2ee91e) Importer(815301076,1909f56bfc062723c751e8b465ee728b)
Start importing Assets/Prefabs/Player 2.prefab using Guid(0bc05dd0f6c6cd442a5ce2f7ba2ee91e) Importer(815301076,1909f56bfc062723c751e8b465ee728b)  -> (artifact id: '9a4477deba27bb7d29b0119b65e29cad') in 0.065729 seconds
  Import took 0.069736 seconds .

========================================================================
Received Import Request.
  Time since last request: 2.602686 seconds.
  path: Assets/Prefabs/Player 2.prefab
  artifactKey: Guid(0bc05dd0f6c6cd442a5ce2f7ba2ee91e) Importer(815301076,1909f56bfc062723c751e8b465ee728b)
Start importing Assets/Prefabs/Player 2.prefab using Guid(0bc05dd0f6c6cd442a5ce2f7ba2ee91e) Importer(815301076,1909f56bfc062723c751e8b465ee728b)  -> (artifact id: '6b009f7c54416a8ada4fe02f43a3bb8a') in 0.019912 seconds
  Import took 0.024869 seconds .

========================================================================
Received Import Request.
  Time since last request: 14.710178 seconds.
  path: Assets/Prefabs/Player 2.prefab
  artifactKey: Guid(0bc05dd0f6c6cd442a5ce2f7ba2ee91e) Importer(815301076,1909f56bfc062723c751e8b465ee728b)
Start importing Assets/Prefabs/Player 2.prefab using Guid(0bc05dd0f6c6cd442a5ce2f7ba2ee91e) Importer(815301076,1909f56bfc062723c751e8b465ee728b)  -> (artifact id: '6379fbdc886e78d8a3277666f2fb34f2') in 0.014216 seconds
  Import took 0.019116 seconds .

========================================================================
Received Import Request.
  Time since last request: 0.000789 seconds.
  path: Assets/Prefabs/Player 2.prefab
  artifactKey: Guid(0bc05dd0f6c6cd442a5ce2f7ba2ee91e) Importer(815301076,1909f56bfc062723c751e8b465ee728b)
Start importing Assets/Prefabs/Player 2.prefab using Guid(0bc05dd0f6c6cd442a5ce2f7ba2ee91e) Importer(815301076,1909f56bfc062723c751e8b465ee728b)  -> (artifact id: '6379fbdc886e78d8a3277666f2fb34f2') in 0.014492 seconds
  Import took 0.019476 seconds .

========================================================================
Received Import Request.
  Time since last request: 8.368020 seconds.
  path: Assets/Prefabs/Player 2.prefab
  artifactKey: Guid(0bc05dd0f6c6cd442a5ce2f7ba2ee91e) Importer(815301076,1909f56bfc062723c751e8b465ee728b)
Start importing Assets/Prefabs/Player 2.prefab using Guid(0bc05dd0f6c6cd442a5ce2f7ba2ee91e) Importer(815301076,1909f56bfc062723c751e8b465ee728b)  -> (artifact id: '6285de7bcd6dfc1a9242d642dfd7be98') in 0.012342 seconds
  Import took 0.016549 seconds .

========================================================================
Received Import Request.
  Time since last request: 0.011931 seconds.
  path: Assets/Prefabs/Player 2.prefab
  artifactKey: Guid(0bc05dd0f6c6cd442a5ce2f7ba2ee91e) Importer(815301076,1909f56bfc062723c751e8b465ee728b)
Start importing Assets/Prefabs/Player 2.prefab using Guid(0bc05dd0f6c6cd442a5ce2f7ba2ee91e) Importer(815301076,1909f56bfc062723c751e8b465ee728b)  -> (artifact id: '6285de7bcd6dfc1a9242d642dfd7be98') in 0.014018 seconds
  Import took 0.019017 seconds .

========================================================================
Received Import Request.
  Time since last request: 9.585657 seconds.
  path: Assets/Animations/PlayerAnimations/Player2Animations/Player2Controller.controller
  artifactKey: Guid(fed4112a744916742a6d1301a3ccf072) Importer(815301076,1909f56bfc062723c751e8b465ee728b)
Start importing Assets/Animations/PlayerAnimations/Player2Animations/Player2Controller.controller using Guid(fed4112a744916742a6d1301a3ccf072) Importer(815301076,1909f56bfc062723c751e8b465ee728b)  -> (artifact id: '6ac17741b294260c01abd3f2a4740f82') in 0.014938 seconds
  Import took 0.019370 seconds .

========================================================================
Received Import Request.
  Time since last request: 22.680870 seconds.
  path: Assets/Scenes/Gameplay.unity
  artifactKey: Guid(2cda990e2423bbf4892e6590ba056729) Importer(815301076,1909f56bfc062723c751e8b465ee728b)
Start importing Assets/Scenes/Gameplay.unity using Guid(2cda990e2423bbf4892e6590ba056729) Importer(815301076,1909f56bfc062723c751e8b465ee728b)  -> (artifact id: '6a7f7ac3f9da5dab6d5c20a0ec5b588d') in 0.004204 seconds
  Import took 0.009935 seconds .

========================================================================
Received Import Request.
  Time since last request: 37.880539 seconds.
  path: Assets/Scenes/MainMenu.unity
  artifactKey: Guid(4ff8bd116470d2c438a00264632a5927) Importer(815301076,1909f56bfc062723c751e8b465ee728b)
Start importing Assets/Scenes/MainMenu.unity using Guid(4ff8bd116470d2c438a00264632a5927) Importer(815301076,1909f56bfc062723c751e8b465ee728b)  -> (artifact id: 'a9f68c23527f79badf94ce01007557f8') in 0.010277 seconds
  Import took 0.015034 seconds .

========================================================================
Received Prepare
Registering precompiled user dll's ...
Registered in 0.003084 seconds.
Begin MonoManager ReloadAssembly
Native extension for WindowsStandalone target not found
Refreshing native plugins compatible for Editor in 0.53 ms, found 3 plugins.
Preloading 0 native plugins for Editor in 0.00 ms.
Mono: successfully reloaded assembly
- Completed reload, in  1.159 seconds
Platform modules already initialized, skipping
Refreshing native plugins compatible for Editor in 0.52 ms, found 3 plugins.
Preloading 0 native plugins for Editor in 0.00 ms.
Unloading 2083 Unused Serialized files (Serialized files now loaded: 0)
System memory in use before: 96.2 MB.
System memory in use after: 96.1 MB.

Unloading 21 unused Assets to reduce memory usage. Loaded Objects now: 2548.
Total: 2.727600 ms (FindLiveObjects: 0.310300 ms CreateObjectMapping: 0.061900 ms MarkObjects: 2.212100 ms  DeleteObjects: 0.141600 ms)

========================================================================
Received Import Request.
  Time since last request: 43.762302 seconds.
  path: Assets/Prefabs/Player 2.prefab
  artifactKey: Guid(0bc05dd0f6c6cd442a5ce2f7ba2ee91e) Importer(815301076,1909f56bfc062723c751e8b465ee728b)
Start importing Assets/Prefabs/Player 2.prefab using Guid(0bc05dd0f6c6cd442a5ce2f7ba2ee91e) Importer(815301076,1909f56bfc062723c751e8b465ee728b)  -> (artifact id: 'd4ccb7301da18f794e6aae0a74cb0ae7') in 0.063541 seconds
  Import took 0.067562 seconds .

========================================================================
Received Import Request.
  Time since last request: 9.441658 seconds.
  path: Assets/Prefabs/Player 2.prefab
  artifactKey: Guid(0bc05dd0f6c6cd442a5ce2f7ba2ee91e) Importer(815301076,1909f56bfc062723c751e8b465ee728b)
Start importing Assets/Prefabs/Player 2.prefab using Guid(0bc05dd0f6c6cd442a5ce2f7ba2ee91e) Importer(815301076,1909f56bfc062723c751e8b465ee728b)  -> (artifact id: '0e727db46b36abd480e864a64ee4ef1d') in 0.017056 seconds
  Import took 0.021680 seconds .

========================================================================
Received Import Request.
  Time since last request: 0.010737 seconds.
  path: Assets/Prefabs/Player 2.prefab
  artifactKey: Guid(0bc05dd0f6c6cd442a5ce2f7ba2ee91e) Importer(815301076,1909f56bfc062723c751e8b465ee728b)
Start importing Assets/Prefabs/Player 2.prefab using Guid(0bc05dd0f6c6cd442a5ce2f7ba2ee91e) Importer(815301076,1909f56bfc062723c751e8b465ee728b)  -> (artifact id: '0e727db46b36abd480e864a64ee4ef1d') in 0.017493 seconds
  Import took 0.022297 seconds .

========================================================================
Received Prepare
Registering precompiled user dll's ...
Registered in 0.002819 seconds.
Begin MonoManager ReloadAssembly
Native extension for WindowsStandalone target not found
Refreshing native plugins compatible for Editor in 0.79 ms, found 3 plugins.
Preloading 0 native plugins for Editor in 0.00 ms.
Mono: successfully reloaded assembly
- Completed reload, in  1.703 seconds
Platform modules already initialized, skipping
Refreshing native plugins compatible for Editor in 0.70 ms, found 3 plugins.
Preloading 0 native plugins for Editor in 0.00 ms.
Unloading 2083 Unused Serialized files (Serialized files now loaded: 0)
System memory in use before: 96.2 MB.
System memory in use after: 96.2 MB.

Unloading 21 unused Assets to reduce memory usage. Loaded Objects now: 2553.
Total: 4.386200 ms (FindLiveObjects: 0.451200 ms CreateObjectMapping: 0.149200 ms MarkObjects: 3.630600 ms  DeleteObjects: 0.152800 ms)

AssetImportWorkerClient::OnTransportError - code=2 error=End of file
